Arguments: 
  /usr/bin/node /usr/bin/yarn

PATH: 
  /usr/local/sbin:/usr/local/bin:/usr/sbin:/usr/bin:/sbin:/bin:/usr/games:/usr/local/games:/mnt/c/ProgramData/Oracle/Java/javapath_target_1436541672:/mnt/c/Python/Python36/Scripts:/mnt/c/Python/Python36:/mnt/c/Program Files/Haskell Platform/8.0.1/lib/extralibs/bin:/mnt/c/Program Files/Haskell Platform/8.0.1/bin:/mnt/c/Python/Python35/Scripts:/mnt/c/Python/Python35:/mnt/c/Program Files (x86)/Intel/iCLS Client:/mnt/c/Program Files/Intel/iCLS Client:/mnt/c/Windows/System32:/mnt/c/Windows:/mnt/c/Windows/System32/wbem:/mnt/c/Windows/System32/WindowsPowerShell/v1.0:/mnt/c/Program Files (x86)/Intel/Intel(R) Management Engine Components/DAL:/mnt/c/Program Files/Intel/Intel(R) Management Engine Components/DAL:/mnt/c/Program Files (x86)/Intel/Intel(R) Management Engine Components/IPT:/mnt/c/Program Files/Intel/Intel(R) Management Engine Components/IPT:/mnt/c/Program Files (x86)/NVIDIA Corporation/PhysX/Common:/mnt/c/Windows/System32:/mnt/c/Windows:/mnt/c/Windows/System32/wbem:/mnt/c/Windows/System32/WindowsPowerShell/v1.0:/mnt/c/pkg-config/bin:/mnt/c/Program Files/Microsoft Windows Performance Toolkit:/mnt/c/Program Files/Microsoft SQL Server/Client SDK/ODBC/130/Tools/Binn:/mnt/c/Program Files (x86)/Microsoft SQL Server/130/Tools/Binn:/mnt/c/Program Files/Microsoft SQL Server/130/Tools/Binn:/mnt/c/Program Files/Microsoft SQL Server/130/DTS/Binn:/mnt/c/Program Files/erl8.0/bin:/mnt/c/Program Files (x86)/Elixir/bin:/mnt/c/Program Files/Haskell Platform/8.0.1/mingw/bin:/mnt/c/ProgramData/chocolatey/bin:/mnt/c/Program Files/PuTTY:/mnt/c/Program Files/dotnet:/mnt/c/Program Files/Intel/WiFi/bin:/mnt/c/Program Files/Common Files/Intel/WirelessCommon:/mnt/c/Program Files/RedHat/java-1.9.0-openjdk-1.9.0.1-1/bin:/mnt/c/Gradle/gradle-4.3.1/bin:/mnt/c/Program Files (x86)/Yarn/bin:/mnt/c/Program Files/nodejs:/mnt/c/Program Files/Git/cmd:/mnt/c/Windows/System32/OpenSSH:/mnt/c/Users/PTKea/AppData/Roaming/local/bin:/mnt/c/Users/PTKea/.dnx/runtimes/dnx-clr-win-x86.1.0.0-rc1-update1/bin:/mnt/c/Users/PTKea/.dnx/bin:/mnt/c/Users/PTKea/AppData/Local/.meteor:/mnt/c/Users/PTKea/AppData/Local/Microsoft/WindowsApps:/mnt/c/Program Files (x86)/Android/android-sdk/platform-tools:/mnt/c/Users/PTKea/AppData/Local/Google/Cloud SDK/google-cloud-sdk/bin:/mnt/c/Program Files (x86)/Microsoft VS Code/bin:/mnt/c/Users/PTKea/AppData/Local/Yarn/bin:/mnt/c/Users/PTKea/AppData/Roaming/npm

Yarn version: 
  1.6.0

Node version: 
  10.1.0

Platform: 
  linux x64

Trace: 
  Error: ENOENT: no such file or directory, copyfile '/usr/local/share/.cache/yarn/v1/npm-moment-2.22.2-3c257f9839fc0e93ff53149632239eb90783ff66/src/lib/locale/calendar.js' -> '/mnt/c/linux-development/stylish/node_modules/moment/src/lib/locale/calendar.js'

npm manifest: 
  {
      "private": true,
      "workspaces": [
        "packages/*"
      ],
      "scripts": {
        "compile": "lerna run compile",
        "clean": "lerna run clean",
        "lint": "lerna run lint",
        "test": "lerna run test",
        "update-version": "lerna publish --skip-git --skip-npm --force-publish '*'",
        "check-packages": "yarn clean && yarn compile && yarn test && yarn lint",
        "publish-packages": "./scripts/publish"
      },
      "devDependencies": {
        "lerna": "2.11.0"
      }
    }

yarn manifest: 
  No manifest

Lockfile: 
  No lockfile
